<?xml version="1.0" encoding="UTF-8"?>
<!-- Generated by org.testng.reporters.JUnitXMLReporter -->
<testsuite ignored="0" hostname="DESKTOP-PB1D5VB" failures="0" tests="2" name="Default test" time="0.101" errors="0" timestamp="2023-08-11T10:45:42 IST">
  <testcase classname="com.banking.onlinebanking.practice.TestngDataProvider" name="dataprovider" time="0.019"/>
  <testcase classname="com.banking.onlinebanking.practice.TestngDataProvider" name="dataprovider" time="0.005"/>
</testsuite> <!-- Default test -->
