<?xml version="1.0" encoding="UTF-8"?>
<testng-results ignored="0" total="2" passed="2" failed="0" skipped="0">
  <reporter-output>
  </reporter-output>
  <suite started-at="2023-08-11T10:45:42 IST" name="Default suite" finished-at="2023-08-11T10:45:42 IST" duration-ms="101">
    <groups>
    </groups>
    <test started-at="2023-08-11T10:45:42 IST" name="Default test" finished-at="2023-08-11T10:45:42 IST" duration-ms="101">
      <class name="com.banking.onlinebanking.practice.TestngDataProvider">
        <test-method signature="dataprovider(java.lang.String,java.lang.String)[pri:0, instance:com.banking.onlinebanking.practice.TestngDataProvider@4facf68f]" started-at="2023-08-11T10:45:42 IST" name="dataprovider" data-provider="data1" finished-at="2023-08-11T10:45:42 IST" duration-ms="19" status="PASS">
          <params>
            <param index="0">
              <value>
                <![CDATA[kuresh]]>
              </value>
            </param>
            <param index="1">
              <value>
                <![CDATA[behera]]>
              </value>
            </param>
          </params>
          <reporter-output>
          </reporter-output>
        </test-method> <!-- dataprovider -->
        <test-method signature="dataprovider(java.lang.String,java.lang.String)[pri:0, instance:com.banking.onlinebanking.practice.TestngDataProvider@4facf68f]" started-at="2023-08-11T10:45:42 IST" name="dataprovider" data-provider="data1" finished-at="2023-08-11T10:45:42 IST" duration-ms="5" status="PASS">
          <params>
            <param index="0">
              <value>
                <![CDATA[ram]]>
              </value>
            </param>
            <param index="1">
              <value>
                <![CDATA[sahoo]]>
              </value>
            </param>
          </params>
          <reporter-output>
          </reporter-output>
        </test-method> <!-- dataprovider -->
      </class> <!-- com.banking.onlinebanking.practice.TestngDataProvider -->
    </test> <!-- Default test -->
  </suite> <!-- Default suite -->
</testng-results>
